# JRE version: Java(TM) SE Runtime Environment (8.0_45-b14) (build 1.8.0_45-b14)
# Java VM: Java HotSpot(TM) 64-Bit Server VM (25.45-b02 mixed mode bsd-amd64 compressed oops)
Heap:
 PSYoungGen      total 309248K, used 83920K [0x00000007aab00000, 0x00000007c0000000, 0x00000007c0000000)
  eden space 281600K, 20% used [0x00000007aab00000,0x00000007ae222b90,0x00000007bbe00000)
  from space 27648K, 99% used [0x00000007bbe00000,0x00000007bd8d17b8,0x00000007bd900000)
  to   space 35328K, 0% used [0x00000007bdd80000,0x00000007bdd80000,0x00000007c0000000)
 ParOldGen       total 289792K, used 252338K [0x0000000780000000, 0x0000000791b00000, 0x00000007aab00000)
  object space 289792K, 87% used [0x0000000780000000,0x000000078f66c860,0x0000000791b00000)
 Metaspace       used 30070K, capacity 30435K, committed 30592K, reserved 1077248K
  class space    used 3258K, capacity 3366K, committed 3456K, reserved 1048576K
GC Heap History (10 events):
Event: 85.604 GC heap before
{Heap before GC invocations=78 (full 4):
 PSYoungGen      total 308224K, used 21501K [0x00000007aab00000, 0x00000007c0000000, 0x00000007c0000000)
  eden space 286720K, 0% used [0x00000007aab00000,0x00000007aab00000,0x00000007bc300000)
  from space 21504K, 99% used [0x00000007bea00000,0x00000007bfeff520,0x00000007bff00000)
  to   space 31232K, 0% used [0x00000007bc300000,0x00000007bc300000,0x00000007be180000)
 ParOldGen       total 186880K, used 185887K [0x0000000780000000, 0x000000078b680000, 0x00000007aab00000)
  object space 186880K, 99% used [0x0000000780000000,0x000000078b587f30,0x000000078b680000)
 Metaspace       used 15980K, capacity 16144K, committed 16384K, reserved 1062912K
  class space    used 1963K, capacity 2031K, committed 2048K, reserved 1048576K
Event: 87.359 GC heap after
Heap after GC invocations=78 (full 4):
 PSYoungGen      total 308224K, used 0K [0x00000007aab00000, 0x00000007c0000000, 0x00000007c0000000)
  eden space 286720K, 0% used [0x00000007aab00000,0x00000007aab00000,0x00000007bc300000)
  from space 21504K, 0% used [0x00000007bea00000,0x00000007bea00000,0x00000007bff00000)
  to   space 31232K, 0% used [0x00000007bc300000,0x00000007bc300000,0x00000007be180000)
 ParOldGen       total 260608K, used 183281K [0x0000000780000000, 0x000000078fe80000, 0x00000007aab00000)
  object space 260608K, 70% used [0x0000000780000000,0x000000078b2fc4a0,0x000000078fe80000)
 Metaspace       used 15976K, capacity 16138K, committed 16384K, reserved 1062912K
  class space    used 1961K, capacity 2028K, committed 2048K, reserved 1048576K
}
Event: 95.170 GC heap before
{Heap before GC invocations=79 (full 4):
 PSYoungGen      total 308224K, used 75140K [0x00000007aab00000, 0x00000007c0000000, 0x00000007c0000000)
  eden space 286720K, 26% used [0x00000007aab00000,0x00000007af4610e0,0x00000007bc300000)
  from space 21504K, 0% used [0x00000007bea00000,0x00000007bea00000,0x00000007bff00000)
  to   space 31232K, 0% used [0x00000007bc300000,0x00000007bc300000,0x00000007be180000)
 ParOldGen       total 260608K, used 183281K [0x0000000780000000, 0x000000078fe80000, 0x00000007aab00000)
  object space 260608K, 70% used [0x0000000780000000,0x000000078b2fc4a0,0x000000078fe80000)
 Metaspace       used 26830K, capacity 27071K, committed 27264K, reserved 1073152K
  class space    used 3005K, capacity 3092K, committed 3200K, reserved 1048576K
Event: 95.226 GC heap after
Heap after GC invocations=79 (full 4):
 PSYoungGen      total 299008K, used 11784K [0x00000007aab00000, 0x00000007c0000000, 0x00000007c0000000)
  eden space 286720K, 0% used [0x00000007aab00000,0x00000007aab00000,0x00000007bc300000)
  from space 12288K, 95% used [0x00000007bc300000,0x00000007bce823d8,0x00000007bcf00000)
  to   space 31744K, 0% used [0x00000007be100000,0x00000007be100000,0x00000007c0000000)
 ParOldGen       total 260608K, used 183289K [0x0000000780000000, 0x000000078fe80000, 0x00000007aab00000)
  object space 260608K, 70% used [0x0000000780000000,0x000000078b2fe4a0,0x000000078fe80000)
 Metaspace       used 26830K, capacity 27071K, committed 27264K, reserved 1073152K
  class space    used 3005K, capacity 3092K, committed 3200K, reserved 1048576K
}
Event: 95.226 GC heap before
{Heap before GC invocations=80 (full 5):
 PSYoungGen      total 299008K, used 11784K [0x00000007aab00000, 0x00000007c0000000, 0x00000007c0000000)
  eden space 286720K, 0% used [0x00000007aab00000,0x00000007aab00000,0x00000007bc300000)
  from space 12288K, 95% used [0x00000007bc300000,0x00000007bce823d8,0x00000007bcf00000)
  to   space 31744K, 0% used [0x00000007be100000,0x00000007be100000,0x00000007c0000000)
 ParOldGen       total 260608K, used 183289K [0x0000000780000000, 0x000000078fe80000, 0x00000007aab00000)
  object space 260608K, 70% used [0x0000000780000000,0x000000078b2fe4a0,0x000000078fe80000)
 Metaspace       used 26830K, capacity 27071K, committed 27264K, reserved 1073152K
  class space    used 3005K, capacity 3092K, committed 3200K, reserved 1048576K
Event: 95.956 GC heap after
Heap after GC invocations=80 (full 5):
 PSYoungGen      total 299008K, used 0K [0x00000007aab00000, 0x00000007c0000000, 0x00000007c0000000)
  eden space 286720K, 0% used [0x00000007aab00000,0x00000007aab00000,0x00000007bc300000)
  from space 12288K, 0% used [0x00000007bc300000,0x00000007bc300000,0x00000007bcf00000)
  to   space 31744K, 0% used [0x00000007be100000,0x00000007be100000,0x00000007c0000000)
 ParOldGen       total 289792K, used 193728K [0x0000000780000000, 0x0000000791b00000, 0x00000007aab00000)
  object space 289792K, 66% used [0x0000000780000000,0x000000078bd30168,0x0000000791b00000)
 Metaspace       used 26830K, capacity 27071K, committed 27264K, reserved 1073152K
  class space    used 3005K, capacity 3092K, committed 3200K, reserved 1048576K
}
Event: 102.022 GC heap before
{Heap before GC invocations=81 (full 5):
 PSYoungGen      total 299008K, used 237385K [0x00000007aab00000, 0x00000007c0000000, 0x00000007c0000000)
  eden space 286720K, 82% used [0x00000007aab00000,0x00000007b92d2610,0x00000007bc300000)
  from space 12288K, 0% used [0x00000007bc300000,0x00000007bc300000,0x00000007bcf00000)
  to   space 31744K, 0% used [0x00000007be100000,0x00000007be100000,0x00000007c0000000)
 ParOldGen       total 289792K, used 193728K [0x0000000780000000, 0x0000000791b00000, 0x00000007aab00000)
  object space 289792K, 66% used [0x0000000780000000,0x000000078bd30168,0x0000000791b00000)
 Metaspace       used 28423K, capacity 28833K, committed 28928K, reserved 1075200K
  class space    used 3153K, capacity 3290K, committed 3328K, reserved 1048576K
Event: 102.033 GC heap after
Heap after GC invocations=81 (full 5):
 PSYoungGen      total 313344K, used 2393K [0x00000007aab00000, 0x00000007c0000000, 0x00000007c0000000)
  eden space 281600K, 0% used [0x00000007aab00000,0x00000007aab00000,0x00000007bbe00000)
  from space 31744K, 7% used [0x00000007be100000,0x00000007be3567c0,0x00000007c0000000)
  to   space 33792K, 0% used [0x00000007bbe00000,0x00000007bbe00000,0x00000007bdf00000)
 ParOldGen       total 289792K, used 193736K [0x0000000780000000, 0x0000000791b00000, 0x00000007aab00000)
  object space 289792K, 66% used [0x0000000780000000,0x000000078bd32168,0x0000000791b00000)
 Metaspace       used 28423K, capacity 28833K, committed 28928K, reserved 1075200K
  class space    used 3153K, capacity 3290K, committed 3328K, reserved 1048576K
}
Event: 117.419 GC heap before
{Heap before GC invocations=82 (full 5):
 PSYoungGen      total 313344K, used 283993K [0x00000007aab00000, 0x00000007c0000000, 0x00000007c0000000)
  eden space 281600K, 100% used [0x00000007aab00000,0x00000007bbe00000,0x00000007bbe00000)
  from space 31744K, 7% used [0x00000007be100000,0x00000007be3567c0,0x00000007c0000000)
  to   space 33792K, 0% used [0x00000007bbe00000,0x00000007bbe00000,0x00000007bdf00000)
 ParOldGen       total 289792K, used 193736K [0x0000000780000000, 0x0000000791b00000, 0x00000007aab00000)
  object space 289792K, 66% used [0x0000000780000000,0x000000078bd32168,0x0000000791b00000)
 Metaspace       used 29050K, capacity 29489K, committed 29824K, reserved 1075200K
  class space    used 3216K, capacity 3330K, committed 3456K, reserved 1048576K
Event: 117.640 GC heap after
Heap after GC invocations=82 (full 5):
 PSYoungGen      total 309248K, used 27461K [0x00000007aab00000, 0x00000007c0000000, 0x00000007c0000000)
  eden space 281600K, 0% used [0x00000007aab00000,0x00000007aab00000,0x00000007bbe00000)
  from space 27648K, 99% used [0x00000007bbe00000,0x00000007bd8d17b8,0x00000007bd900000)
  to   space 35328K, 0% used [0x00000007bdd80000,0x00000007bdd80000,0x00000007c0000000)
 ParOldGen       total 289792K, used 252338K [0x0000000780000000, 0x0000000791b00000, 0x00000007aab00000)
  object space 289792K, 87% used [0x0000000780000000,0x000000078f66c860,0x0000000791b00000)
 Metaspace       used 29050K, capacity 29489K, committed 29824K, reserved 1075200K
  class space    used 3216K, capacity 3330K, committed 3456K, reserved 1048576K
}

